Arguments: 
  /usr/local/Cellar/node/11.14.0/bin/node /usr/local/Cellar/yarn/1.15.2/libexec/bin/yarn.js add OrderPage

PATH: 
  /var/folders/0r/xss5pstn5b361xts0cg12pn80000gn/T/yarn--1560093979429-0.5166107978527543:/Users/lichenxi/Projects/vscode/homework/pay/frontend/node_modules/.bin:/Users/lichenxi/.config/yarn/link/node_modules/.bin:/usr/local/Cellar/node/11.14.0/libexec/lib/node_modules/npm/bin/node-gyp-bin:/usr/local/Cellar/node/11.14.0/lib/node_modules/npm/bin/node-gyp-bin:/usr/local/Cellar/node/11.14.0/bin/node_modules/npm/bin/node-gyp-bin:/Users/lichenxi/flutter/bin:/usr/local/opt/icu4c/bin:/usr/local/opt/icu4c/sbin:/usr/local/opt/icu4c/sbin:/Users/lichenxi/.cargo/bin:/Users/lichenxi/go:/Users/lichenxi/GoglandProjects/dep/bin:/usr/local/Cellar/go/1.11/bin:/Library/Java/Home/bin:/Library/Frameworks/Python.framework/Versions/3.6/bin:/Users/lichenxi/Projects/vscode/python/pay/dev/bin:/Users/lichenxi/flutter/bin:/usr/local/opt/icu4c/bin:/usr/local/opt/icu4c/sbin:/usr/local/opt/icu4c/sbin:/Users/lichenxi/.cargo/bin:/Users/lichenxi/go:/Users/lichenxi/GoglandProjects/dep/bin:/usr/local/Cellar/go/1.11/bin:/Library/Java/Home/bin:/Library/Frameworks/Python.framework/Versions/3.6/bin:/usr/local/bin:/usr/bin:/bin:/usr/sbin:/sbin:/Library/TeX/texbin:/usr/local/go/bin:/usr/local/aria2/bin:/usr/local/share/dotnet:/opt/X11/bin:/Library/Frameworks/Mono.framework/Versions/Current/Commands:/Applications/Xamarin Workbooks.app/Contents/SharedSupport/path-bin:/usr/local/Cellar/node/7.9.0/libexec/npm/bin:/Users/lichenxi/.android/android-ndk-r14b:/Users/lichenxi/Projects/vscode/rust/bin:/usr/local/Cellar/gradle/4.4//bin:/usr/local/Cellar/jmeter/3.3/libexec/bin:/usr/local/share/dotnet:/Users/lichenxi/.local/bin:/usr/local/gcc/bin:/usr/local/opt/fzf/bin:/usr/local/Cellar/node/7.9.0/libexec/npm/bin:/Users/lichenxi/.android/android-ndk-r14b:/Users/lichenxi/Projects/vscode/rust/bin:/usr/local/Cellar/gradle/4.4//bin:/usr/local/Cellar/jmeter/3.3/libexec/bin:/usr/local/share/dotnet:/Users/lichenxi/.local/bin:/usr/local/gcc/bin

Yarn version: 
  1.15.2

Node version: 
  11.14.0

Platform: 
  darwin x64

Trace: 
  Error: https://registry.yarnpkg.com/OrderPage: Not found
      at Request.params.callback [as _callback] (/usr/local/Cellar/yarn/1.15.2/libexec/lib/cli.js:66058:18)
      at Request.self.callback (/usr/local/Cellar/yarn/1.15.2/libexec/lib/cli.js:129541:22)
      at Request.emit (events.js:193:13)
      at Request.<anonymous> (/usr/local/Cellar/yarn/1.15.2/libexec/lib/cli.js:130513:10)
      at Request.emit (events.js:193:13)
      at IncomingMessage.<anonymous> (/usr/local/Cellar/yarn/1.15.2/libexec/lib/cli.js:130435:12)
      at Object.onceWrapper (events.js:281:20)
      at IncomingMessage.emit (events.js:198:15)
      at endReadableNT (_stream_readable.js:1139:12)
      at processTicksAndRejections (internal/process/task_queues.js:81:17)

npm manifest: 
  {
    "name": "order_management",
    "version": "1.0.0",
    "main": "index.js",
    "license": "MIT",
    "dependencies": {
      "@date-io/core": "^1.3.6",
      "@material-ui/core": "^4.0.0-rc.0",
      "@material-ui/icons": "^4.0.1",
      "@types/material-ui": "^0.21.6",
      "@types/react": "^16.8.19",
      "@types/react-dom": "^16.8.4",
      "moment": "^2.24.0",
      "prop-types": "^15.7.2",
      "react": "^16.8.6",
      "react-dom": "^16.8.6",
      "src": "^1.1.2"
    },
    "devDependencies": {
      "babel-core": "^6.26.3",
      "babel-preset-env": "^1.7.0",
      "babel-preset-react": "^6.24.1",
      "typescript": "^3.5.1"
    },
    "scripts": {
      "dev": "parcel src/index.html",
      "build": "parcel build src/index.html"
    }
  }

yarn manifest: 
  No manifest

Lockfile: 
  # THIS IS AN AUTOGENERATED FILE. DO NOT EDIT THIS FILE DIRECTLY.
  # yarn lockfile v1
  
  
  "@babel/runtime@^7.1.2", "@babel/runtime@^7.2.0", "@babel/runtime@^7.3.1":
    version "7.4.5"
    resolved "https://registry.npm.taobao.org/@babel/runtime/download/@babel/runtime-7.4.5.tgz?cache=0&other_urls=https%3A%2F%2Fregistry.npm.taobao.org%2F%40babel%2Fruntime%2Fdownload%2F%40babel%2Fruntime-7.4.5.tgz#582bb531f5f9dc67d2fcb682979894f75e253f12"
    integrity sha1-WCu1MfX53GfS/LaCl5iU914lPxI=
    dependencies:
      regenerator-runtime "^0.13.2"
  
  "@date-io/core@^1.3.6":
    version "1.3.6"
    resolved "https://registry.npm.taobao.org/@date-io/core/download/@date-io/core-1.3.6.tgz#5c518cee6fa011e754293aebc6f1192360061797"
    integrity sha1-XFGM7m+gEedUKTrrxvEZI2AGF5c=
  
  "@emotion/hash@^0.7.1":
    version "0.7.1"
    resolved "https://registry.npm.taobao.org/@emotion/hash/download/@emotion/hash-0.7.1.tgz#9833722341379fb7d67f06a4b00ab3c37913da53"
    integrity sha1-mDNyI0E3n7fWfwaksAqzw3kT2lM=
  
  "@material-ui/core@^4.0.0-rc.0":
    version "4.0.2"
    resolved "https://registry.npm.taobao.org/@material-ui/core/download/@material-ui/core-4.0.2.tgz#c7a07c1d1b13b94adf479d7267b51cb682fcb279"
    integrity sha1-x6B8HRsTuUrfR51yZ7UctoL8snk=
    dependencies:
      "@babel/runtime" "^7.2.0"
      "@material-ui/styles" "^4.0.2"
      "@material-ui/system" "^4.0.2"
      "@material-ui/types" "^4.0.1"
      "@material-ui/utils" "^4.0.1"
      "@types/react-transition-group" "^2.0.16"
      clsx "^1.0.2"
      convert-css-length "^2.0.0"
      csstype "^2.5.2"
      debounce "^1.1.0"
      deepmerge "^3.0.0"
      hoist-non-react-statics "^3.2.1"
      is-plain-object "^3.0.0"
      normalize-scroll-left "^0.2.0"
      popper.js "^1.14.1"
      prop-types "^15.7.2"
      react-event-listener "^0.6.6"
      react-transition-group "^4.0.0"
      warning "^4.0.1"
  
  "@material-ui/icons@^4.0.1":
    version "4.0.1"
    resolved "https://registry.npm.taobao.org/@material-ui/icons/download/@material-ui/icons-4.0.1.tgz#f63990f731c6206c82023c96d510bd7bdda44250"
    integrity sha1-9jmQ9zHGIGyCAjyW1RC9e92kQlA=
    dependencies:
      "@babel/runtime" "^7.2.0"
  
  "@material-ui/styles@^4.0.2":
    version "4.0.2"
    resolved "https://registry.npm.taobao.org/@material-ui/styles/download/@material-ui/styles-4.0.2.tgz#05805b26bfcd876f883b098e4be50d813b1c5fde"
    integrity sha1-BYBbJr/Nh2+IOwmOS+UNgTscX94=
    dependencies:
      "@babel/runtime" "^7.2.0"
      "@emotion/hash" "^0.7.1"
      "@material-ui/types" "^4.0.1"
      "@material-ui/utils" "^4.0.1"
      clsx "^1.0.2"
      deepmerge "^3.0.0"
      hoist-non-react-statics "^3.2.1"
      jss "^10.0.0-alpha.16"
      jss-plugin-camel-case "^10.0.0-alpha.16"
      jss-plugin-default-unit "^10.0.0-alpha.16"
      jss-plugin-global "^10.0.0-alpha.16"
      jss-plugin-nested "^10.0.0-alpha.16"
      jss-plugin-props-sort "^10.0.0-alpha.16"
      jss-plugin-rule-value-function "^10.0.0-alpha.16"
      jss-plugin-vendor-prefixer "^10.0.0-alpha.16"
      prop-types "^15.7.2"
      warning "^4.0.1"
  
  "@material-ui/system@^4.0.2":
    version "4.0.2"
    resolved "https://registry.npm.taobao.org/@material-ui/system/download/@material-ui/system-4.0.2.tgz#224a75b4168994cb2e903849cc1d608e3cc327f1"
    integrity sha1-Ikp1tBaJlMsukDhJzB1gjjzDJ/E=
    dependencies:
      "@babel/runtime" "^7.2.0"
      deepmerge "^3.0.0"
      prop-types "^15.7.2"
      warning "^4.0.1"
  
  "@material-ui/types@^4.0.1":
    version "4.0.1"
    resolved "https://registry.npm.taobao.org/@material-ui/types/download/@material-ui/types-4.0.1.tgz#a05fe801a10604d99e593303df9e843868008d4f"
    integrity sha1-oF/oAaEGBNmeWTMD356EOGgAjU8=
  
  "@material-ui/utils@^4.0.1":
    version "4.0.1"
    resolved "https://registry.npm.taobao.org/@material-ui/utils/download/@material-ui/utils-4.0.1.tgz#ea3ab6fe4eea9588713813cff6eca33bda3519f6"
    integrity sha1-6jq2/k7qlYhxOBPP9uyjO9o1GfY=
    dependencies:
      "@babel/runtime" "^7.2.0"
      prop-types "^15.7.2"
      react-is "^16.8.0"
  
  "@types/material-ui@^0.21.6":
    version "0.21.6"
    resolved "https://registry.npm.taobao.org/@types/material-ui/download/@types/material-ui-0.21.6.tgz#047377ac49e623c2dafe47ccdf8713dcb02bd793"
    integrity sha1-BHN3rEnmI8La/kfM34cT3LAr15M=
    dependencies:
      "@types/react" "*"
      "@types/react-addons-linked-state-mixin" "*"
  
  "@types/prop-types@*":
    version "15.7.1"
    resolved "https://registry.npm.taobao.org/@types/prop-types/download/@types/prop-types-15.7.1.tgz#f1a11e7babb0c3cad68100be381d1e064c68f1f6"
    integrity sha1-8aEee6uww8rWgQC+OB0eBkxo8fY=
  
  "@types/react-addons-linked-state-mixin@*":
    version "0.14.20"
    resolved "https://registry.npm.taobao.org/@types/react-addons-linked-state-mixin/download/@types/react-addons-linked-state-mixin-0.14.20.tgz#5f0cd884ace049d538982a3b254f4807b9395eb6"
    integrity sha1-XwzYhKzgSdU4mCo7JU9IB7k5XrY=
    dependencies:
      "@types/react" "*"
  
  "@types/react-dom@^16.8.4":
    version "16.8.4"
    resolved "https://registry.npm.taobao.org/@types/react-dom/download/@types/react-dom-16.8.4.tgz#7fb7ba368857c7aa0f4e4511c4710ca2c5a12a88"
    integrity sha1-f7e6NohXx6oPTkURxHEMosWhKog=
    dependencies:
      "@types/react" "*"
  
  "@types/react-transition-group@^2.0.16":
    version "2.9.1"
    resolved "https://registry.npm.taobao.org/@types/react-transition-group/download/@types/react-transition-group-2.9.1.tgz#66c9ca5d0b20bae72fe6b797e0d362b996d55e9f"
    integrity sha1-ZsnKXQsguucv5reX4NNiuZbVXp8=
    dependencies:
      "@types/react" "*"
  
  "@types/react@*", "@types/react@^16.8.19":
    version "16.8.19"
    resolved "https://registry.npm.taobao.org/@types/react/download/@types/react-16.8.19.tgz#629154ef05e2e1985cdde94477deefd823ad9be3"
    integrity sha1-YpFU7wXi4Zhc3elEd97v2COtm+M=
    dependencies:
      "@types/prop-types" "*"
      csstype "^2.2.0"
  
  ansi-regex@^2.0.0:
    version "2.1.1"
    resolved "https://registry.npm.taobao.org/ansi-regex/download/ansi-regex-2.1.1.tgz#c3b33ab5ee360d86e0e628f0468ae7ef27d654df"
    integrity sha1-w7M6te42DYbg5ijwRorn7yfWVN8=
  
  ansi-styles@^2.2.1:
    version "2.2.1"
    resolved "https://registry.npm.taobao.org/ansi-styles/download/ansi-styles-2.2.1.tgz#b432dd3358b634cf75e1e4664368240533c1ddbe"
    integrity sha1-tDLdM1i2NM914eRmQ2gkBTPB3b4=
  
  babel-code-frame@^6.26.0:
    version "6.26.0"
    resolved "https://registry.npm.taobao.org/babel-code-frame/download/babel-code-frame-6.26.0.tgz#63fd43f7dc1e3bb7ce35947db8fe369a3f58c74b"
    integrity sha1-Y/1D99weO7fONZR9uP42mj9Yx0s=
    dependencies:
      chalk "^1.1.3"
      esutils "^2.0.2"
      js-tokens "^3.0.2"
  
  babel-core@^6.26.0, babel-core@^6.26.3:
    version "6.26.3"
    resolved "https://registry.npm.taobao.org/babel-core/download/babel-core-6.26.3.tgz#b2e2f09e342d0f0c88e2f02e067794125e75c207"
    integrity sha1-suLwnjQtDwyI4vAuBneUEl51wgc=
    dependencies:
      babel-code-frame "^6.26.0"
      babel-generator "^6.26.0"
      babel-helpers "^6.24.1"
      babel-messages "^6.23.0"
      babel-register "^6.26.0"
      babel-runtime "^6.26.0"
      babel-template "^6.26.0"
      babel-traverse "^6.26.0"
      babel-types "^6.26.0"
      babylon "^6.18.0"
      convert-source-map "^1.5.1"
      debug "^2.6.9"
      json5 "^0.5.1"
      lodash "^4.17.4"
      minimatch "^3.0.4"
      path-is-absolute "^1.0.1"
      private "^0.1.8"
      slash "^1.0.0"
      source-map "^0.5.7"
  
  babel-generator@^6.26.0:
    version "6.26.1"
    resolved "https://registry.npm.taobao.org/babel-generator/download/babel-generator-6.26.1.tgz#1844408d3b8f0d35a404ea7ac180f087a601bd90"
    integrity sha1-GERAjTuPDTWkBOp6wYDwh6YBvZA=
    dependencies:
      babel-messages "^6.23.0"
      babel-runtime "^6.26.0"
      babel-types "^6.26.0"
      detect-indent "^4.0.0"
      jsesc "^1.3.0"
      lodash "^4.17.4"
      source-map "^0.5.7"
      trim-right "^1.0.1"
  
  babel-helper-builder-binary-assignment-operator-visitor@^6.24.1:
    version "6.24.1"
    resolved "https://registry.npm.taobao.org/babel-helper-builder-binary-assignment-operator-visitor/download/babel-helper-builder-binary-assignment-operator-visitor-6.24.1.tgz#cce4517ada356f4220bcae8a02c2b346f9a56664"
    integrity sha1-zORReto1b0IgvK6KAsKzRvmlZmQ=
    dependencies:
      babel-helper-explode-assignable-expression "^6.24.1"
      babel-runtime "^6.22.0"
      babel-types "^6.24.1"
  
  babel-helper-builder-react-jsx@^6.24.1:
    version "6.26.0"
    resolved "https://registry.npm.taobao.org/babel-helper-builder-react-jsx/download/babel-helper-builder-react-jsx-6.26.0.tgz#39ff8313b75c8b65dceff1f31d383e0ff2a408a0"
    integrity sha1-Of+DE7dci2Xc7/HzHTg+D/KkCKA=
    dependencies:
      babel-runtime "^6.26.0"
      babel-types "^6.26.0"
      esutils "^2.0.2"
  
  babel-helper-call-delegate@^6.24.1:
    version "6.24.1"
    resolved "https://registry.npm.taobao.org/babel-helper-call-delegate/download/babel-helper-call-delegate-6.24.1.tgz#ece6aacddc76e41c3461f88bfc575bd0daa2df8d"
    integrity sha1-7Oaqzdx25Bw0YfiL/Fdb0Nqi340=
    dependencies:
      babel-helper-hoist-variables "^6.24.1"
      babel-runtime "^6.22.0"
      babel-traverse "^6.24.1"
      babel-types "^6.24.1"
  
  babel-helper-define-map@^6.24.1:
    version "6.26.0"
    resolved "https://registry.npm.taobao.org/babel-helper-define-map/download/babel-helper-define-map-6.26.0.tgz#a5f56dab41a25f97ecb498c7ebaca9819f95be5f"
    integrity sha1-pfVtq0GiX5fstJjH66ypgZ+Vvl8=
    dependencies:
      babel-helper-function-name "^6.24.1"
      babel-runtime "^6.26.0"
      babel-types "^6.26.0"
      lodash "^4.17.4"
  
  babel-helper-explode-assignable-expression@^6.24.1:
    version "6.24.1"
    resolved "https://registry.npm.taobao.org/babel-helper-explode-assignable-expression/download/babel-helper-explode-assignable-expression-6.24.1.tgz#f25b82cf7dc10433c55f70592d5746400ac22caa"
    integrity sha1-8luCz33BBDPFX3BZLVdGQArCLKo=
    dependencies:
      babel-runtime "^6.22.0"
      babel-traverse "^6.24.1"
      babel-types "^6.24.1"
  
  babel-helper-function-name@^6.24.1:
    version "6.24.1"
    resolved "https://registry.npm.taobao.org/babel-helper-function-name/download/babel-helper-function-name-6.24.1.tgz#d3475b8c03ed98242a25b48351ab18399d3580a9"
    integrity sha1-00dbjAPtmCQqJbSDUasYOZ01gKk=
    dependencies:
      babel-helper-get-function-arity "^6.24.1"
      babel-runtime "^6.22.0"
      babel-template "^6.24.1"
      babel-traverse "^6.24.1"
      babel-types "^6.24.1"
  
  babel-helper-get-function-arity@^6.24.1:
    version "6.24.1"
    resolved "https://registry.npm.taobao.org/babel-helper-get-function-arity/download/babel-helper-get-function-arity-6.24.1.tgz#8f7782aa93407c41d3aa50908f89b031b1b6853d"
    integrity sha1-j3eCqpNAfEHTqlCQj4mwMbG2hT0=
    dependencies:
      babel-runtime "^6.22.0"
      babel-types "^6.24.1"
  
  babel-helper-hoist-variables@^6.24.1:
    version "6.24.1"
    resolved "https://registry.npm.taobao.org/babel-helper-hoist-variables/download/babel-helper-hoist-variables-6.24.1.tgz#1ecb27689c9d25513eadbc9914a73f5408be7a76"
    integrity sha1-HssnaJydJVE+rbyZFKc/VAi+enY=
    dependencies:
      babel-runtime "^6.22.0"
      babel-types "^6.24.1"
  
  babel-helper-optimise-call-expression@^6.24.1:
    version "6.24.1"
    resolved "https://registry.npm.taobao.org/babel-helper-optimise-call-expression/download/babel-helper-optimise-call-expression-6.24.1.tgz#f7a13427ba9f73f8f4fa993c54a97882d1244257"
    integrity sha1-96E0J7qfc/j0+pk8VKl4gtEkQlc=
    dependencies:
      babel-runtime "^6.22.0"
      babel-types "^6.24.1"
  
  babel-helper-regex@^6.24.1:
    version "6.26.0"
    resolved "https://registry.npm.taobao.org/babel-helper-regex/download/babel-helper-regex-6.26.0.tgz#325c59f902f82f24b74faceed0363954f6495e72"
    integrity sha1-MlxZ+QL4LyS3T6zu0DY5VPZJXnI=
    dependencies:
      babel-runtime "^6.26.0"
      babel-types "^6.26.0"
      lodash "^4.17.4"
  
  babel-helper-remap-async-to-generator@^6.24.1:
    version "6.24.1"
    resolved "https://registry.npm.taobao.org/babel-helper-remap-async-to-generator/download/babel-helper-remap-async-to-generator-6.24.1.tgz#5ec581827ad723fecdd381f1c928390676e4551b"
    integrity sha1-XsWBgnrXI/7N04HxySg5BnbkVRs=
    dependencies:
      babel-helper-function-name "^6.24.1"
      babel-runtime "^6.22.0"
      babel-template "^6.24.1"
      babel-traverse "^6.24.1"
      babel-types "^6.24.1"
  
  babel-helper-replace-supers@^6.24.1:
    version "6.24.1"
    resolved "https://registry.npm.taobao.org/babel-helper-replace-supers/download/babel-helper-replace-supers-6.24.1.tgz#bf6dbfe43938d17369a213ca8a8bf74b6a90ab1a"
    integrity sha1-v22/5Dk40XNpohPKiov3S2qQqxo=
    dependencies:
      babel-helper-optimise-call-expression "^6.24.1"
      babel-messages "^6.23.0"
      babel-runtime "^6.22.0"
      babel-template "^6.24.1"
      babel-traverse "^6.24.1"
      babel-types "^6.24.1"
  
  babel-helpers@^6.24.1:
    version "6.24.1"
    resolved "https://registry.npm.taobao.org/babel-helpers/download/babel-helpers-6.24.1.tgz#3471de9caec388e5c850e597e58a26ddf37602b2"
    integrity sha1-NHHenK7DiOXIUOWX5Yom3fN2ArI=
    dependencies:
      babel-runtime "^6.22.0"
      babel-template "^6.24.1"
  
  babel-messages@^6.23.0:
    version "6.23.0"
    resolved "https://registry.npm.taobao.org/babel-messages/download/babel-messages-6.23.0.tgz#f3cdf4703858035b2a2951c6ec5edf6c62f2630e"
    integrity sha1-8830cDhYA1sqKVHG7F7fbGLyYw4=
    dependencies:
      babel-runtime "^6.22.0"
  
  babel-plugin-check-es2015-constants@^6.22.0:
    version "6.22.0"
    resolved "https://registry.npm.taobao.org/babel-plugin-check-es2015-constants/download/babel-plugin-check-es2015-constants-6.22.0.tgz#35157b101426fd2ffd3da3f75c7d1e91835bbf8a"
    integrity sha1-NRV7EBQm/S/9PaP3XH0ekYNbv4o=
    dependencies:
      babel-runtime "^6.22.0"
  
  babel-plugin-syntax-async-functions@^6.8.0:
    version "6.13.0"
    resolved "https://registry.npm.taobao.org/babel-plugin-syntax-async-functions/download/babel-plugin-syntax-async-functions-6.13.0.tgz#cad9cad1191b5ad634bf30ae0872391e0647be95"
    integrity sha1-ytnK0RkbWtY0vzCuCHI5HgZHvpU=
  
  babel-plugin-syntax-exponentiation-operator@^6.8.0:
    version "6.13.0"
    resolved "https://registry.npm.taobao.org/babel-plugin-syntax-exponentiation-operator/download/babel-plugin-syntax-exponentiation-operator-6.13.0.tgz#9ee7e8337290da95288201a6a57f4170317830de"
    integrity sha1-nufoM3KQ2pUoggGmpX9BcDF4MN4=
  
  babel-plugin-syntax-flow@^6.18.0:
    version "6.18.0"
    resolved "https://registry.npm.taobao.org/babel-plugin-syntax-flow/download/babel-plugin-syntax-flow-6.18.0.tgz#4c3ab20a2af26aa20cd25995c398c4eb70310c8d"
    integrity sha1-TDqyCiryaqIM0lmVw5jE63AxDI0=
  
  babel-plugin-syntax-jsx@^6.3.13, babel-plugin-syntax-jsx@^6.8.0:
    version "6.18.0"
    resolved "https://registry.npm.taobao.org/babel-plugin-syntax-jsx/download/babel-plugin-syntax-jsx-6.18.0.tgz#0af32a9a6e13ca7a3fd5069e62d7b0f58d0d8946"
    integrity sha1-CvMqmm4Tyno/1QaeYtew9Y0NiUY=
  
  babel-plugin-syntax-trailing-function-commas@^6.22.0:
    version "6.22.0"
    resolved "https://registry.npm.taobao.org/babel-plugin-syntax-trailing-function-commas/download/babel-plugin-syntax-trailing-function-commas-6.22.0.tgz#ba0360937f8d06e40180a43fe0d5616fff532cf3"
    integrity sha1-ugNgk3+NBuQBgKQ/4NVhb/9TLPM=
  
  babel-plugin-transform-async-to-generator@^6.22.0:
    version "6.24.1"
    resolved "https://registry.npm.taobao.org/babel-plugin-transform-async-to-generator/download/babel-plugin-transform-async-to-generator-6.24.1.tgz#6536e378aff6cb1d5517ac0e40eb3e9fc8d08761"
    integrity sha1-ZTbjeK/2yx1VF6wOQOs+n8jQh2E=
    dependencies:
      babel-helper-remap-async-to-generator "^6.24.1"
      babel-plugin-syntax-async-functions "^6.8.0"
      babel-runtime "^6.22.0"
  
  babel-plugin-transform-es2015-arrow-functions@^6.22.0:
    version "6.22.0"
    resolved "https://registry.npm.taobao.org/babel-plugin-transform-es2015-arrow-functions/download/babel-plugin-transform-es2015-arrow-functions-6.22.0.tgz#452692cb711d5f79dc7f85e440ce41b9f244d221"
    integrity sha1-RSaSy3EdX3ncf4XkQM5BufJE0iE=
    dependencies:
      babel-runtime "^6.22.0"
  
  babel-plugin-transform-es2015-block-scoped-functions@^6.22.0:
    version "6.22.0"
    resolved "https://registry.npm.taobao.org/babel-plugin-transform-es2015-block-scoped-functions/download/babel-plugin-transform-es2015-block-scoped-functions-6.22.0.tgz#bbc51b49f964d70cb8d8e0b94e820246ce3a6141"
    integrity sha1-u8UbSflk1wy42OC5ToICRs46YUE=
    dependencies:
      babel-runtime "^6.22.0"
  
  babel-plugin-transform-es2015-block-scoping@^6.23.0:
    version "6.26.0"
    resolved "https://registry.npm.taobao.org/babel-plugin-transform-es2015-block-scoping/download/babel-plugin-transform-es2015-block-scoping-6.26.0.tgz#d70f5299c1308d05c12f463813b0a09e73b1895f"
    integrity sha1-1w9SmcEwjQXBL0Y4E7CgnnOxiV8=
    dependencies:
      babel-runtime "^6.26.0"
      babel-template "^6.26.0"
      babel-traverse "^6.26.0"
      babel-types "^6.26.0"
      lodash "^4.17.4"
  
  babel-plugin-transform-es2015-classes@^6.23.0:
    version "6.24.1"
    resolved "https://registry.npm.taobao.org/babel-plugin-transform-es2015-classes/download/babel-plugin-transform-es2015-classes-6.24.1.tgz#5a4c58a50c9c9461e564b4b2a3bfabc97a2584db"
    integrity sha1-WkxYpQyclGHlZLSyo7+ryXolhNs=
    dependencies:
      babel-helper-define-map "^6.24.1"
      babel-helper-function-name "^6.24.1"
      babel-helper-optimise-call-expression "^6.24.1"
      babel-helper-replace-supers "^6.24.1"
      babel-messages "^6.23.0"
      babel-runtime "^6.22.0"
      babel-template "^6.24.1"
      babel-traverse "^6.24.1"
      babel-types "^6.24.1"
  
  babel-plugin-transform-es2015-computed-properties@^6.22.0:
    version "6.24.1"
    resolved "https://registry.npm.taobao.org/babel-plugin-transform-es2015-computed-properties/download/babel-plugin-transform-es2015-computed-properties-6.24.1.tgz#6fe2a8d16895d5634f4cd999b6d3480a308159b3"
    integrity sha1-b+Ko0WiV1WNPTNmZttNICjCBWbM=
    dependencies:
      babel-runtime "^6.22.0"
      babel-template "^6.24.1"
  
  babel-plugin-transform-es2015-destructuring@^6.23.0:
    version "6.23.0"
    resolved "https://registry.npm.taobao.org/babel-plugin-transform-es2015-destructuring/download/babel-plugin-transform-es2015-destructuring-6.23.0.tgz#997bb1f1ab967f682d2b0876fe358d60e765c56d"
    integrity sha1-mXux8auWf2gtKwh2/jWNYOdlxW0=
    dependencies:
      babel-runtime "^6.22.0"
  
  babel-plugin-transform-es2015-duplicate-keys@^6.22.0:
    version "6.24.1"
    resolved "https://registry.npm.taobao.org/babel-plugin-transform-es2015-duplicate-keys/download/babel-plugin-transform-es2015-duplicate-keys-6.24.1.tgz#73eb3d310ca969e3ef9ec91c53741a6f1576423e"
    integrity sha1-c+s9MQypaePvnskcU3QabxV2Qj4=
    dependencies:
      babel-runtime "^6.22.0"
      babel-types "^6.24.1"
  
  babel-plugin-transform-es2015-for-of@^6.23.0:
    version "6.23.0"
    resolved "https://registry.npm.taobao.org/babel-plugin-transform-es2015-for-of/download/babel-plugin-transform-es2015-for-of-6.23.0.tgz#f47c95b2b613df1d3ecc2fdb7573623c75248691"
    integrity sha1-9HyVsrYT3x0+zC/bdXNiPHUkhpE=
    dependencies:
      babel-runtime "^6.22.0"
  
  babel-plugin-transform-es2015-function-name@^6.22.0:
    version "6.24.1"
    resolved "https://registry.npm.taobao.org/babel-plugin-transform-es2015-function-name/download/babel-plugin-transform-es2015-function-name-6.24.1.tgz#834c89853bc36b1af0f3a4c5dbaa94fd8eacaa8b"
    integrity sha1-g0yJhTvDaxrw86TF26qU/Y6sqos=
    dependencies:
      babel-helper-function-name "^6.24.1"
      babel-runtime "^6.22.0"
      babel-types "^6.24.1"
  
  babel-plugin-transform-es2015-literals@^6.22.0:
    version "6.22.0"
    resolved "https://registry.npm.taobao.org/babel-plugin-transform-es2015-literals/download/babel-plugin-transform-es2015-literals-6.22.0.tgz#4f54a02d6cd66cf915280019a31d31925377ca2e"
    integrity sha1-T1SgLWzWbPkVKAAZox0xklN3yi4=
    dependencies:
      babel-runtime "^6.22.0"
  
  babel-plugin-transform-es2015-modules-amd@^6.22.0, babel-plugin-transform-es2015-modules-amd@^6.24.1:
    version "6.24.1"
    resolved "https://registry.npm.taobao.org/babel-plugin-transform-es2015-modules-amd/download/babel-plugin-transform-es2015-modules-amd-6.24.1.tgz#3b3e54017239842d6d19c3011c4bd2f00a00d154"
    integrity sha1-Oz5UAXI5hC1tGcMBHEvS8AoA0VQ=
    dependencies:
      babel-plugin-transform-es2015-modules-commonjs "^6.24.1"
      babel-runtime "^6.22.0"
      babel-template "^6.24.1"
  
  babel-plugin-transform-es2015-modules-commonjs@^6.23.0, babel-plugin-transform-es2015-modules-commonjs@^6.24.1:
    version "6.26.2"
    resolved "https://registry.npm.taobao.org/babel-plugin-transform-es2015-modules-commonjs/download/babel-plugin-transform-es2015-modules-commonjs-6.26.2.tgz#58a793863a9e7ca870bdc5a881117ffac27db6f3"
    integrity sha1-WKeThjqefKhwvcWogRF/+sJ9tvM=
    dependencies:
      babel-plugin-transform-strict-mode "^6.24.1"
      babel-runtime "^6.26.0"
      babel-template "^6.26.0"
      babel-types "^6.26.0"
  
  babel-plugin-transform-es2015-modules-systemjs@^6.23.0:
    version "6.24.1"
    resolved "https://registry.npm.taobao.org/babel-plugin-transform-es2015-modules-systemjs/download/babel-plugin-transform-es2015-modules-systemjs-6.24.1.tgz#ff89a142b9119a906195f5f106ecf305d9407d23"
    integrity sha1-/4mhQrkRmpBhlfXxBuzzBdlAfSM=
    dependencies:
      babel-helper-hoist-variables "^6.24.1"
      babel-runtime "^6.22.0"
      babel-template "^6.24.1"
  
  babel-plugin-transform-es2015-modules-umd@^6.23.0:
    version "6.24.1"
    resolved "https://registry.npm.taobao.org/babel-plugin-transform-es2015-modules-umd/download/babel-plugin-transform-es2015-modules-umd-6.24.1.tgz#ac997e6285cd18ed6176adb607d602344ad38468"
    integrity sha1-rJl+YoXNGO1hdq22B9YCNErThGg=
    dependencies:
      babel-plugin-transform-es2015-modules-amd "^6.24.1"
      babel-runtime "^6.22.0"
      babel-template "^6.24.1"
  
  babel-plugin-transform-es2015-object-super@^6.22.0:
    version "6.24.1"
    resolved "https://registry.npm.taobao.org/babel-plugin-transform-es2015-object-super/download/babel-plugin-transform-es2015-object-super-6.24.1.tgz#24cef69ae21cb83a7f8603dad021f572eb278f8d"
    integrity sha1-JM72muIcuDp/hgPa0CH1cusnj40=
    dependencies:
      babel-helper-replace-supers "^6.24.1"
      babel-runtime "^6.22.0"
  
  babel-plugin-transform-es2015-parameters@^6.23.0:
    version "6.24.1"
    resolved "https://registry.npm.taobao.org/babel-plugin-transform-es2015-parameters/download/babel-plugin-transform-es2015-parameters-6.24.1.tgz#57ac351ab49caf14a97cd13b09f66fdf0a625f2b"
    integrity sha1-V6w1GrScrxSpfNE7CfZv3wpiXys=
    dependencies:
      babel-helper-call-delegate "^6.24.1"
      babel-helper-get-function-arity "^6.24.1"
      babel-runtime "^6.22.0"
      babel-template "^6.24.1"
      babel-traverse "^6.24.1"
      babel-types "^6.24.1"
  
  babel-plugin-transform-es2015-shorthand-properties@^6.22.0:
    version "6.24.1"
    resolved "https://registry.npm.taobao.org/babel-plugin-transform-es2015-shorthand-properties/download/babel-plugin-transform-es2015-shorthand-properties-6.24.1.tgz#24f875d6721c87661bbd99a4622e51f14de38aa0"
    integrity sha1-JPh11nIch2YbvZmkYi5R8U3jiqA=
    dependencies:
      babel-runtime "^6.22.0"
      babel-types "^6.24.1"
  
  babel-plugin-transform-es2015-spread@^6.22.0:
    version "6.22.0"
    resolved "https://registry.npm.taobao.org/babel-plugin-transform-es2015-spread/download/babel-plugin-transform-es2015-spread-6.22.0.tgz#d6d68a99f89aedc4536c81a542e8dd9f1746f8d1"
    integrity sha1-1taKmfia7cRTbIGlQujdnxdG+NE=
    dependencies:
      babel-runtime "^6.22.0"
  
  babel-plugin-transform-es2015-sticky-regex@^6.22.0:
    version "6.24.1"
    resolved "https://registry.npm.taobao.org/babel-plugin-transform-es2015-sticky-regex/download/babel-plugin-transform-es2015-sticky-regex-6.24.1.tgz#00c1cdb1aca71112cdf0cf6126c2ed6b457ccdbc"
    integrity sha1-AMHNsaynERLN8M9hJsLta0V8zbw=
    dependencies:
      babel-helper-regex "^6.24.1"
      babel-runtime "^6.22.0"
      babel-types "^6.24.1"
  
  babel-plugin-transform-es2015-template-literals@^6.22.0:
    version "6.22.0"
    resolved "https://registry.npm.taobao.org/babel-plugin-transform-es2015-template-literals/download/babel-plugin-transform-es2015-template-literals-6.22.0.tgz#a84b3450f7e9f8f1f6839d6d687da84bb1236d8d"
    integrity sha1-qEs0UPfp+PH2g51taH2oS7EjbY0=
    dependencies:
      babel-runtime "^6.22.0"
  
  babel-plugin-transform-es2015-typeof-symbol@^6.23.0:
    version "6.23.0"
    resolved "https://registry.npm.taobao.org/babel-plugin-transform-es2015-typeof-symbol/download/babel-plugin-transform-es2015-typeof-symbol-6.23.0.tgz#dec09f1cddff94b52ac73d505c84df59dcceb372"
    integrity sha1-3sCfHN3/lLUqxz1QXITfWdzOs3I=
    dependencies:
      babel-runtime "^6.22.0"
  
  babel-plugin-transform-es2015-unicode-regex@^6.22.0:
    version "6.24.1"
    resolved "https://registry.npm.taobao.org/babel-plugin-transform-es2015-unicode-regex/download/babel-plugin-transform-es2015-unicode-regex-6.24.1.tgz#d38b12f42ea7323f729387f18a7c5ae1faeb35e9"
    integrity sha1-04sS9C6nMj9yk4fxinxa4frrNek=
    dependencies:
      babel-helper-regex "^6.24.1"
      babel-runtime "^6.22.0"
      regexpu-core "^2.0.0"
  
  babel-plugin-transform-exponentiation-operator@^6.22.0:
    version "6.24.1"
    resolved "https://registry.npm.taobao.org/babel-plugin-transform-exponentiation-operator/download/babel-plugin-transform-exponentiation-operator-6.24.1.tgz#2ab0c9c7f3098fa48907772bb813fe41e8de3a0e"
    integrity sha1-KrDJx/MJj6SJB3cruBP+QejeOg4=
    dependencies:
      babel-helper-builder-binary-assignment-operator-visitor "^6.24.1"
      babel-plugin-syntax-exponentiation-operator "^6.8.0"
      babel-runtime "^6.22.0"
  
  babel-plugin-transform-flow-strip-types@^6.22.0:
    version "6.22.0"
    resolved "https://registry.npm.taobao.org/babel-plugin-transform-flow-strip-types/download/babel-plugin-transform-flow-strip-types-6.22.0.tgz#84cb672935d43714fdc32bce84568d87441cf7cf"
    integrity sha1-hMtnKTXUNxT9wyvOhFaNh0Qc988=
    dependencies:
      babel-plugin-syntax-flow "^6.18.0"
      babel-runtime "^6.22.0"
  
  babel-plugin-transform-react-display-name@^6.23.0:
    version "6.25.0"
    resolved "https://registry.npm.taobao.org/babel-plugin-transform-react-display-name/download/babel-plugin-transform-react-display-name-6.25.0.tgz#67e2bf1f1e9c93ab08db96792e05392bf2cc28d1"
    integrity sha1-Z+K/Hx6ck6sI25Z5LgU5K/LMKNE=
    dependencies:
      babel-runtime "^6.22.0"
  
  babel-plugin-transform-react-jsx-self@^6.22.0:
    version "6.22.0"
    resolved "https://registry.npm.taobao.org/babel-plugin-transform-react-jsx-self/download/babel-plugin-transform-react-jsx-self-6.22.0.tgz#df6d80a9da2612a121e6ddd7558bcbecf06e636e"
    integrity sha1-322AqdomEqEh5t3XVYvL7PBuY24=
    dependencies:
      babel-plugin-syntax-jsx "^6.8.0"
      babel-runtime "^6.22.0"
  
  babel-plugin-transform-react-jsx-source@^6.22.0:
    version "6.22.0"
    resolved "https://registry.npm.taobao.org/babel-plugin-transform-react-jsx-source/download/babel-plugin-transform-react-jsx-source-6.22.0.tgz#66ac12153f5cd2d17b3c19268f4bf0197f44ecd6"
    integrity sha1-ZqwSFT9c0tF7PBkmj0vwGX9E7NY=
    dependencies:
      babel-plugin-syntax-jsx "^6.8.0"
      babel-runtime "^6.22.0"
  
  babel-plugin-transform-react-jsx@^6.24.1:
    version "6.24.1"
    resolved "https://registry.npm.taobao.org/babel-plugin-transform-react-jsx/download/babel-plugin-transform-react-jsx-6.24.1.tgz#840a028e7df460dfc3a2d29f0c0d91f6376e66a3"
    integrity sha1-hAoCjn30YN/DotKfDA2R9jduZqM=
    dependencies:
      babel-helper-builder-react-jsx "^6.24.1"
      babel-plugin-syntax-jsx "^6.8.0"
      babel-runtime "^6.22.0"
  
  babel-plugin-transform-regenerator@^6.22.0:
    version "6.26.0"
    resolved "https://registry.npm.taobao.org/babel-plugin-transform-regenerator/download/babel-plugin-transform-regenerator-6.26.0.tgz#e0703696fbde27f0a3efcacf8b4dca2f7b3a8f2f"
    integrity sha1-4HA2lvveJ/Cj78rPi03KL3s6jy8=
    dependencies:
      regenerator-transform "^0.10.0"
  
  babel-plugin-transform-strict-mode@^6.24.1:
    version "6.24.1"
    resolved "https://registry.npm.taobao.org/babel-plugin-transform-strict-mode/download/babel-plugin-transform-strict-mode-6.24.1.tgz#d5faf7aa578a65bbe591cf5edae04a0c67020758"
    integrity sha1-1fr3qleKZbvlkc9e2uBKDGcCB1g=
    dependencies:
      babel-runtime "^6.22.0"
      babel-types "^6.24.1"
  
  babel-preset-env@^1.7.0:
    version "1.7.0"
    resolved "https://registry.npm.taobao.org/babel-preset-env/download/babel-preset-env-1.7.0.tgz#dea79fa4ebeb883cd35dab07e260c1c9c04df77a"
    integrity sha1-3qefpOvriDzTXasH4mDBycBN93o=
    dependencies:
      babel-plugin-check-es2015-constants "^6.22.0"
      babel-plugin-syntax-trailing-function-commas "^6.22.0"
      babel-plugin-transform-async-to-generator "^6.22.0"
      babel-plugin-transform-es2015-arrow-functions "^6.22.0"
      babel-plugin-transform-es2015-block-scoped-functions "^6.22.0"
      babel-plugin-transform-es2015-block-scoping "^6.23.0"
      babel-plugin-transform-es2015-classes "^6.23.0"
      babel-plugin-transform-es2015-computed-properties "^6.22.0"
      babel-plugin-transform-es2015-destructuring "^6.23.0"
      babel-plugin-transform-es2015-duplicate-keys "^6.22.0"
      babel-plugin-transform-es2015-for-of "^6.23.0"
      babel-plugin-transform-es2015-function-name "^6.22.0"
      babel-plugin-transform-es2015-literals "^6.22.0"
      babel-plugin-transform-es2015-modules-amd "^6.22.0"
      babel-plugin-transform-es2015-modules-commonjs "^6.23.0"
      babel-plugin-transform-es2015-modules-systemjs "^6.23.0"
      babel-plugin-transform-es2015-modules-umd "^6.23.0"
      babel-plugin-transform-es2015-object-super "^6.22.0"
      babel-plugin-transform-es2015-parameters "^6.23.0"
      babel-plugin-transform-es2015-shorthand-properties "^6.22.0"
      babel-plugin-transform-es2015-spread "^6.22.0"
      babel-plugin-transform-es2015-sticky-regex "^6.22.0"
      babel-plugin-transform-es2015-template-literals "^6.22.0"
      babel-plugin-transform-es2015-typeof-symbol "^6.23.0"
      babel-plugin-transform-es2015-unicode-regex "^6.22.0"
      babel-plugin-transform-exponentiation-operator "^6.22.0"
      babel-plugin-transform-regenerator "^6.22.0"
      browserslist "^3.2.6"
      invariant "^2.2.2"
      semver "^5.3.0"
  
  babel-preset-flow@^6.23.0:
    version "6.23.0"
    resolved "https://registry.npm.taobao.org/babel-preset-flow/download/babel-preset-flow-6.23.0.tgz#e71218887085ae9a24b5be4169affb599816c49d"
    integrity sha1-5xIYiHCFrpoktb5Baa/7WZgWxJ0=
    dependencies:
      babel-plugin-transform-flow-strip-types "^6.22.0"
  
  babel-preset-react@^6.24.1:
    version "6.24.1"
    resolved "https://registry.npm.taobao.org/babel-preset-react/download/babel-preset-react-6.24.1.tgz#ba69dfaea45fc3ec639b6a4ecea6e17702c91380"
    integrity sha1-umnfrqRfw+xjm2pOzqbhdwLJE4A=
    dependencies:
      babel-plugin-syntax-jsx "^6.3.13"
      babel-plugin-transform-react-display-name "^6.23.0"
      babel-plugin-transform-react-jsx "^6.24.1"
      babel-plugin-transform-react-jsx-self "^6.22.0"
      babel-plugin-transform-react-jsx-source "^6.22.0"
      babel-preset-flow "^6.23.0"
  
  babel-register@^6.26.0:
    version "6.26.0"
    resolved "https://registry.npm.taobao.org/babel-register/download/babel-register-6.26.0.tgz#6ed021173e2fcb486d7acb45c6009a856f647071"
    integrity sha1-btAhFz4vy0htestFxgCahW9kcHE=
    dependencies:
      babel-core "^6.26.0"
      babel-runtime "^6.26.0"
      core-js "^2.5.0"
      home-or-tmp "^2.0.0"
      lodash "^4.17.4"
      mkdirp "^0.5.1"
      source-map-support "^0.4.15"
  
  babel-runtime@^6.18.0, babel-runtime@^6.22.0, babel-runtime@^6.26.0:
    version "6.26.0"
    resolved "https://registry.npm.taobao.org/babel-runtime/download/babel-runtime-6.26.0.tgz#965c7058668e82b55d7bfe04ff2337bc8b5647fe"
    integrity sha1-llxwWGaOgrVde/4E/yM3vItWR/4=
    dependencies:
      core-js "^2.4.0"
      regenerator-runtime "^0.11.0"
  
  babel-template@^6.24.1, babel-template@^6.26.0:
    version "6.26.0"
    resolved "https://registry.npm.taobao.org/babel-template/download/babel-template-6.26.0.tgz#de03e2d16396b069f46dd9fff8521fb1a0e35e02"
    integrity sha1-3gPi0WOWsGn0bdn/+FIfsaDjXgI=
    dependencies:
      babel-runtime "^6.26.0"
      babel-traverse "^6.26.0"
      babel-types "^6.26.0"
      babylon "^6.18.0"
      lodash "^4.17.4"
  
  babel-traverse@^6.24.1, babel-traverse@^6.26.0:
    version "6.26.0"
    resolved "https://registry.npm.taobao.org/babel-traverse/download/babel-traverse-6.26.0.tgz#46a9cbd7edcc62c8e5c064e2d2d8d0f4035766ee"
    integrity sha1-RqnL1+3MYsjlwGTi0tjQ9ANXZu4=
    dependencies:
      babel-code-frame "^6.26.0"
      babel-messages "^6.23.0"
      babel-runtime "^6.26.0"
      babel-types "^6.26.0"
      babylon "^6.18.0"
      debug "^2.6.8"
      globals "^9.18.0"
      invariant "^2.2.2"
      lodash "^4.17.4"
  
  babel-types@^6.19.0, babel-types@^6.24.1, babel-types@^6.26.0:
    version "6.26.0"
    resolved "https://registry.npm.taobao.org/babel-types/download/babel-types-6.26.0.tgz?cache=0&other_urls=https%3A%2F%2Fregistry.npm.taobao.org%2Fbabel-types%2Fdownload%2Fbabel-types-6.26.0.tgz#a3b073f94ab49eb6fa55cd65227a334380632497"
    integrity sha1-o7Bz+Uq0nrb6Vc1lInozQ4BjJJc=
    dependencies:
      babel-runtime "^6.26.0"
      esutils "^2.0.2"
      lodash "^4.17.4"
      to-fast-properties "^1.0.3"
  
  babylon@^6.18.0:
    version "6.18.0"
    resolved "https://registry.npm.taobao.org/babylon/download/babylon-6.18.0.tgz#af2f3b88fa6f5c1e4c634d1a0f8eac4f55b395e3"
    integrity sha1-ry87iPpvXB5MY00aD46sT1WzleM=
  
  balanced-match@^1.0.0:
    version "1.0.0"
    resolved "https://registry.npm.taobao.org/balanced-match/download/balanced-match-1.0.0.tgz#89b4d199ab2bee49de164ea02b89ce462d71b767"
    integrity sha1-ibTRmasr7kneFk6gK4nORi1xt2c=
  
  brace-expansion@^1.1.7:
    version "1.1.11"
    resolved "https://registry.npm.taobao.org/brace-expansion/download/brace-expansion-1.1.11.tgz#3c7fcbf529d87226f3d2f52b966ff5271eb441dd"
    integrity sha1-PH/L9SnYcibz0vUrlm/1Jx60Qd0=
    dependencies:
      balanced-match "^1.0.0"
      concat-map "0.0.1"
  
  browserslist@^3.2.6:
    version "3.2.8"
    resolved "https://registry.npm.taobao.org/browserslist/download/browserslist-3.2.8.tgz#b0005361d6471f0f5952797a76fc985f1f978fc6"
    integrity sha1-sABTYdZHHw9ZUnl6dvyYXx+Xj8Y=
    dependencies:
      caniuse-lite "^1.0.30000844"
      electron-to-chromium "^1.3.47"
  
  caniuse-lite@^1.0.30000844:
    version "1.0.30000974"
    resolved "https://registry.npm.taobao.org/caniuse-lite/download/caniuse-lite-1.0.30000974.tgz#b7afe14ee004e97ce6dc73e3f878290a12928ad8"
    integrity sha1-t6/hTuAE6Xzm3HPj+HgpChKSitg=
  
  chalk@^1.1.3:
    version "1.1.3"
    resolved "https://registry.npm.taobao.org/chalk/download/chalk-1.1.3.tgz#a8115c55e4a702fe4d150abd3872822a7e09fc98"
    integrity sha1-qBFcVeSnAv5NFQq9OHKCKn4J/Jg=
    dependencies:
      ansi-styles "^2.2.1"
      escape-string-regexp "^1.0.2"
      has-ansi "^2.0.0"
      strip-ansi "^3.0.0"
      supports-color "^2.0.0"
  
  clsx@^1.0.2:
    version "1.0.4"
    resolved "https://registry.npm.taobao.org/clsx/download/clsx-1.0.4.tgz#0c0171f6d5cb2fe83848463c15fcc26b4df8c2ec"
    integrity sha1-DAFx9tXLL+g4SEY8FfzCa034wuw=
  
  concat-map@0.0.1:
    version "0.0.1"
    resolved "https://registry.npm.taobao.org/concat-map/download/concat-map-0.0.1.tgz#d8a96bd77fd68df7793a73036a3ba0d5405d477b"
    integrity sha1-2Klr13/Wjfd5OnMDajug1UBdR3s=
  
  console-polyfill@^0.1.2:
    version "0.1.2"
    resolved "https://registry.npm.taobao.org/console-polyfill/download/console-polyfill-0.1.2.tgz#96cfed51caf78189f699572e6f18271dc37c0e30"
    integrity sha1-ls/tUcr3gYn2mVcubxgnHcN8DjA=
  
  convert-css-length@^2.0.0:
    version "2.0.0"
    resolved "https://registry.npm.taobao.org/convert-css-length/download/convert-css-length-2.0.0.tgz#0c60ff686e70625ef7f3fd305a2f61f33a96c289"
    integrity sha1-DGD/aG5wYl738/0wWi9h8zqWwok=
    dependencies:
      console-polyfill "^0.1.2"
      parse-unit "^1.0.1"
  
  convert-source-map@^1.5.1:
    version "1.6.0"
    resolved "https://registry.npm.taobao.org/convert-source-map/download/convert-source-map-1.6.0.tgz#51b537a8c43e0f04dec1993bffcdd504e758ac20"
    integrity sha1-UbU3qMQ+DwTewZk7/83VBOdYrCA=
    dependencies:
      safe-buffer "~5.1.1"
  
  core-js@^2.4.0, core-js@^2.5.0:
    version "2.6.9"
    resolved "https://registry.npm.taobao.org/core-js/download/core-js-2.6.9.tgz#6b4b214620c834152e179323727fc19741b084f2"
    integrity sha1-a0shRiDINBUuF5Mjcn/Bl0GwhPI=
  
  css-vendor@^2.0.1:
    version "2.0.2"
    resolved "https://registry.npm.taobao.org/css-vendor/download/css-vendor-2.0.2.tgz#dd75b41064944c8eaa001796a204782164c69dfd"
    integrity sha1-3XW0EGSUTI6qABeWogR4IWTGnf0=
    dependencies:
      "@babel/runtime" "^7.3.1"
      is-in-browser "^1.0.2"
  
  csstype@^2.2.0, csstype@^2.5.2:
    version "2.6.5"
    resolved "https://registry.npm.taobao.org/csstype/download/csstype-2.6.5.tgz?cache=0&other_urls=https%3A%2F%2Fregistry.npm.taobao.org%2Fcsstype%2Fdownload%2Fcsstype-2.6.5.tgz#1cd1dff742ebf4d7c991470ae71e12bb6751e034"
    integrity sha1-HNHf90Lr9NfJkUcK5x4Su2dR4DQ=
  
  debounce@^1.1.0:
    version "1.2.0"
    resolved "https://registry.npm.taobao.org/debounce/download/debounce-1.2.0.tgz#44a540abc0ea9943018dc0eaa95cce87f65cd131"
    integrity sha1-RKVAq8DqmUMBjcDqqVzOh/Zc0TE=
  
  debug@^2.6.8, debug@^2.6.9:
    version "2.6.9"
    resolved "https://registry.npm.taobao.org/debug/download/debug-2.6.9.tgz#5d128515df134ff327e90a4c93f4e077a536341f"
    integrity sha1-XRKFFd8TT/Mn6QpMk/Tgd6U2NB8=
    dependencies:
      ms "2.0.0"
  
  deepmerge@^3.0.0:
    version "3.2.0"
    resolved "https://registry.npm.taobao.org/deepmerge/download/deepmerge-3.2.0.tgz#58ef463a57c08d376547f8869fdc5bcee957f44e"
    integrity sha1-WO9GOlfAjTdlR/iGn9xbzulX9E4=
  
  detect-indent@^4.0.0:
    version "4.0.0"
    resolved "https://registry.npm.taobao.org/detect-indent/download/detect-indent-4.0.0.tgz?cache=0&other_urls=https%3A%2F%2Fregistry.npm.taobao.org%2Fdetect-indent%2Fdownload%2Fdetect-indent-4.0.0.tgz#f76d064352cdf43a1cb6ce619c4ee3a9475de208"
    integrity sha1-920GQ1LN9Docts5hnE7jqUdd4gg=
    dependencies:
      repeating "^2.0.0"
  
  dom-helpers@^3.4.0:
    version "3.4.0"
    resolved "https://registry.npm.taobao.org/dom-helpers/download/dom-helpers-3.4.0.tgz#e9b369700f959f62ecde5a6babde4bccd9169af8"
    integrity sha1-6bNpcA+Vn2Ls3lprq95LzNkWmvg=
    dependencies:
      "@babel/runtime" "^7.1.2"
  
  double-ended-queue@^2.1.0-0:
    version "2.1.0-0"
    resolved "https://registry.yarnpkg.com/double-ended-queue/-/double-ended-queue-2.1.0-0.tgz#103d3527fd31528f40188130c841efdd78264e5c"
    integrity sha1-ED01J/0xUo9AGIEwyEHv3XgmTlw=
  
  electron-to-chromium@^1.3.47:
    version "1.3.154"
    resolved "https://registry.npm.taobao.org/electron-to-chromium/download/electron-to-chromium-1.3.154.tgz?cache=0&sync_timestamp=1560053359017&other_urls=https%3A%2F%2Fregistry.npm.taobao.org%2Felectron-to-chromium%2Fdownload%2Felectron-to-chromium-1.3.154.tgz#e5b73beecd4db9f024d807ba1faad93fe1fb98aa"
    integrity sha1-5bc77s1NufAk2Ae6H6rZP+H7mKo=
  
  escape-string-regexp@^1.0.2:
    version "1.0.5"
    resolved "https://registry.npm.taobao.org/escape-string-regexp/download/escape-string-regexp-1.0.5.tgz?cache=0&other_urls=https%3A%2F%2Fregistry.npm.taobao.org%2Fescape-string-regexp%2Fdownload%2Fescape-string-regexp-1.0.5.tgz#1b61c0562190a8dff6ae3bb2cf0200ca130b86d4"
    integrity sha1-G2HAViGQqN/2rjuyzwIAyhMLhtQ=
  
  esutils@^2.0.2:
    version "2.0.2"
    resolved "https://registry.npm.taobao.org/esutils/download/esutils-2.0.2.tgz#0abf4f1caa5bcb1f7a9d8acc6dea4faaa04bac9b"
    integrity sha1-Cr9PHKpbyx96nYrMbepPqqBLrJs=
  
  globals@^9.18.0:
    version "9.18.0"
    resolved "https://registry.npm.taobao.org/globals/download/globals-9.18.0.tgz#aa3896b3e69b487f17e31ed2143d69a8e30c2d8a"
    integrity sha1-qjiWs+abSH8X4x7SFD1pqOMMLYo=
  
  has-ansi@^2.0.0:
    version "2.0.0"
    resolved "https://registry.npm.taobao.org/has-ansi/download/has-ansi-2.0.0.tgz#34f5049ce1ecdf2b0649af3ef24e45ed35416d91"
    integrity sha1-NPUEnOHs3ysGSa8+8k5F7TVBbZE=
    dependencies:
      ansi-regex "^2.0.0"
  
  hoist-non-react-statics@^3.2.1:
    version "3.3.0"
    resolved "https://registry.npm.taobao.org/hoist-non-react-statics/download/hoist-non-react-statics-3.3.0.tgz#b09178f0122184fb95acf525daaecb4d8f45958b"
    integrity sha1-sJF48BIhhPuVrPUl2q7LTY9FlYs=
    dependencies:
      react-is "^16.7.0"
  
  home-or-tmp@^2.0.0:
    version "2.0.0"
    resolved "https://registry.npm.taobao.org/home-or-tmp/download/home-or-tmp-2.0.0.tgz#e36c3f2d2cae7d746a857e38d18d5f32a7882db8"
    integrity sha1-42w/LSyufXRqhX440Y1fMqeILbg=
    dependencies:
      os-homedir "^1.0.0"
      os-tmpdir "^1.0.1"
  
  hyphenate-style-name@^1.0.3:
    version "1.0.3"
    resolved "https://registry.npm.taobao.org/hyphenate-style-name/download/hyphenate-style-name-1.0.3.tgz#097bb7fa0b8f1a9cf0bd5c734cf95899981a9b48"
    integrity sha1-CXu3+guPGpzwvVxzTPlYmZgam0g=
  
  invariant@^2.2.2:
    version "2.2.4"
    resolved "https://registry.npm.taobao.org/invariant/download/invariant-2.2.4.tgz#610f3c92c9359ce1db616e538008d23ff35158e6"
    integrity sha1-YQ88ksk1nOHbYW5TgAjSP/NRWOY=
    dependencies:
      loose-envify "^1.0.0"
  
  is-finite@^1.0.0:
    version "1.0.2"
    resolved "https://registry.npm.taobao.org/is-finite/download/is-finite-1.0.2.tgz#cc6677695602be550ef11e8b4aa6305342b6d0aa"
    integrity sha1-zGZ3aVYCvlUO8R6LSqYwU0K20Ko=
    dependencies:
      number-is-nan "^1.0.0"
  
  is-in-browser@^1.0.2, is-in-browser@^1.1.3:
    version "1.1.3"
    resolved "https://registry.npm.taobao.org/is-in-browser/download/is-in-browser-1.1.3.tgz#56ff4db683a078c6082eb95dad7dc62e1d04f835"
    integrity sha1-Vv9NtoOgeMYILrldrX3GLh0E+DU=
  
  is-plain-object@^3.0.0:
    version "3.0.0"
    resolved "https://registry.npm.taobao.org/is-plain-object/download/is-plain-object-3.0.0.tgz#47bfc5da1b5d50d64110806c199359482e75a928"
    integrity sha1-R7/F2htdUNZBEIBsGZNZSC51qSg=
    dependencies:
      isobject "^4.0.0"
  
  isobject@^4.0.0:
    version "4.0.0"
    resolved "https://registry.npm.taobao.org/isobject/download/isobject-4.0.0.tgz#3f1c9155e73b192022a80819bacd0343711697b0"
    integrity sha1-PxyRVec7GSAiqAgZus0DQ3EWl7A=
  
  "js-tokens@^3.0.0 || ^4.0.0":
    version "4.0.0"
    resolved "https://registry.npm.taobao.org/js-tokens/download/js-tokens-4.0.0.tgz#19203fb59991df98e3a287050d4647cdeaf32499"
    integrity sha1-GSA/tZmR35jjoocFDUZHzerzJJk=
  
  js-tokens@^3.0.2:
    version "3.0.2"
    resolved "https://registry.npm.taobao.org/js-tokens/download/js-tokens-3.0.2.tgz#9866df395102130e38f7f996bceb65443209c25b"
    integrity sha1-mGbfOVECEw449/mWvOtlRDIJwls=
  
  jsesc@^1.3.0:
    version "1.3.0"
    resolved "https://registry.npm.taobao.org/jsesc/download/jsesc-1.3.0.tgz#46c3fec8c1892b12b0833db9bc7622176dbab34b"
    integrity sha1-RsP+yMGJKxKwgz25vHYiF226s0s=
  
  jsesc@~0.5.0:
    version "0.5.0"
    resolved "https://registry.npm.taobao.org/jsesc/download/jsesc-0.5.0.tgz#e7dee66e35d6fc16f710fe91d5cf69f70f08911d"
    integrity sha1-597mbjXW/Bb3EP6R1c9p9w8IkR0=
  
  json5@^0.5.1:
    version "0.5.1"
    resolved "https://registry.npm.taobao.org/json5/download/json5-0.5.1.tgz#1eade7acc012034ad84e2396767ead9fa5495821"
    integrity sha1-Hq3nrMASA0rYTiOWdn6tn6VJWCE=
  
  jss-plugin-camel-case@^10.0.0-alpha.16:
    version "10.0.0-alpha.17"
    resolved "https://registry.npm.taobao.org/jss-plugin-camel-case/download/jss-plugin-camel-case-10.0.0-alpha.17.tgz#6f7c9d9742e349bb061e53cd9b1c3cb006169a67"
    integrity sha1-b3ydl0LjSbsGHlPNmxw8sAYWmmc=
    dependencies:
      "@babel/runtime" "^7.3.1"
      hyphenate-style-name "^1.0.3"
      jss "10.0.0-alpha.17"
  
  jss-plugin-default-unit@^10.0.0-alpha.16:
    version "10.0.0-alpha.17"
    resolved "https://registry.npm.taobao.org/jss-plugin-default-unit/download/jss-plugin-default-unit-10.0.0-alpha.17.tgz#4e3bf6d8e9691a8e05d50b5abf300515eb0f67ee"
    integrity sha1-Tjv22OlpGo4F1QtavzAFFesPZ+4=
    dependencies:
      "@babel/runtime" "^7.3.1"
      jss "10.0.0-alpha.17"
  
  jss-plugin-global@^10.0.0-alpha.16:
    version "10.0.0-alpha.17"
    resolved "https://registry.npm.taobao.org/jss-plugin-global/download/jss-plugin-global-10.0.0-alpha.17.tgz#13005f6b963aee3c1498fe2bad767967ad2eb838"
    integrity sha1-EwBfa5Y67jwUmP4rrXZ5Z60uuDg=
    dependencies:
      "@babel/runtime" "^7.3.1"
      jss "10.0.0-alpha.17"
  
  jss-plugin-nested@^10.0.0-alpha.16:
    version "10.0.0-alpha.17"
    resolved "https://registry.npm.taobao.org/jss-plugin-nested/download/jss-plugin-nested-10.0.0-alpha.17.tgz#cb1c20cdc81558c164eaa333bbb24c88bef12202"
    integrity sha1-yxwgzcgVWMFk6qMzu7JMiL7xIgI=
    dependencies:
      "@babel/runtime" "^7.3.1"
      jss "10.0.0-alpha.17"
      tiny-warning "^1.0.2"
  
  jss-plugin-props-sort@^10.0.0-alpha.16:
    version "10.0.0-alpha.17"
    resolved "https://registry.npm.taobao.org/jss-plugin-props-sort/download/jss-plugin-props-sort-10.0.0-alpha.17.tgz#a49be72b8dc8e2861f8136661c53d130abb07ccd"
    integrity sha1-pJvnK43I4oYfgTZmHFPRMKuwfM0=
    dependencies:
      "@babel/runtime" "^7.3.1"
      jss "10.0.0-alpha.17"
  
  jss-plugin-rule-value-function@^10.0.0-alpha.16:
    version "10.0.0-alpha.17"
    resolved "https://registry.npm.taobao.org/jss-plugin-rule-value-function/download/jss-plugin-rule-value-function-10.0.0-alpha.17.tgz#45617ccc2d695d77287554e7dbe3b9c37f5f5af4"
    integrity sha1-RWF8zC1pXXcodVTn2+O5w39fWvQ=
    dependencies:
      "@babel/runtime" "^7.3.1"
      jss "10.0.0-alpha.17"
  
  jss-plugin-vendor-prefixer@^10.0.0-alpha.16:
    version "10.0.0-alpha.17"
    resolved "https://registry.npm.taobao.org/jss-plugin-vendor-prefixer/download/jss-plugin-vendor-prefixer-10.0.0-alpha.17.tgz#7bb05076d1a14d20b567231c36e57ebf6cb6625f"
    integrity sha1-e7BQdtGhTSC1ZyMcNuV+v2y2Yl8=
    dependencies:
      "@babel/runtime" "^7.3.1"
      css-vendor "^2.0.1"
      jss "10.0.0-alpha.17"
  
  jss@10.0.0-alpha.17, jss@^10.0.0-alpha.16:
    version "10.0.0-alpha.17"
    resolved "https://registry.npm.taobao.org/jss/download/jss-10.0.0-alpha.17.tgz#3057c85a846c3bd207c04aafd91c8277955d9c57"
    integrity sha1-MFfIWoRsO9IHwEqv2RyCd5VdnFc=
    dependencies:
      "@babel/runtime" "^7.3.1"
      is-in-browser "^1.1.3"
      tiny-warning "^1.0.2"
  
  lodash@^4.17.4:
    version "4.17.11"
    resolved "https://registry.npm.taobao.org/lodash/download/lodash-4.17.11.tgz#b39ea6229ef607ecd89e2c8df12536891cac9b8d"
    integrity sha1-s56mIp72B+zYniyN8SU2iRysm40=
  
  loose-envify@^1.0.0, loose-envify@^1.1.0, loose-envify@^1.4.0:
    version "1.4.0"
    resolved "https://registry.npm.taobao.org/loose-envify/download/loose-envify-1.4.0.tgz#71ee51fa7be4caec1a63839f7e682d8132d30caf"
    integrity sha1-ce5R+nvkyuwaY4OffmgtgTLTDK8=
    dependencies:
      js-tokens "^3.0.0 || ^4.0.0"
  
  minimatch@^3.0.4:
    version "3.0.4"
    resolved "https://registry.npm.taobao.org/minimatch/download/minimatch-3.0.4.tgz?cache=0&other_urls=https%3A%2F%2Fregistry.npm.taobao.org%2Fminimatch%2Fdownload%2Fminimatch-3.0.4.tgz#5166e286457f03306064be5497e8dbb0c3d32083"
    integrity sha1-UWbihkV/AzBgZL5Ul+jbsMPTIIM=
    dependencies:
      brace-expansion "^1.1.7"
  
  minimist@0.0.8:
    version "0.0.8"
    resolved "https://registry.npm.taobao.org/minimist/download/minimist-0.0.8.tgz#857fcabfc3397d2625b8228262e86aa7a011b05d"
    integrity sha1-hX/Kv8M5fSYluCKCYuhqp6ARsF0=
  
  mkdirp@^0.5.1:
    version "0.5.1"
    resolved "https://registry.npm.taobao.org/mkdirp/download/mkdirp-0.5.1.tgz?cache=0&other_urls=https%3A%2F%2Fregistry.npm.taobao.org%2Fmkdirp%2Fdownload%2Fmkdirp-0.5.1.tgz#30057438eac6cf7f8c4767f38648d6697d75c903"
    integrity sha1-MAV0OOrGz3+MR2fzhkjWaX11yQM=
    dependencies:
      minimist "0.0.8"
  
  moment@^2.24.0:
    version "2.24.0"
    resolved "https://registry.npm.taobao.org/moment/download/moment-2.24.0.tgz#0d055d53f5052aa653c9f6eb68bb5d12bf5c2b5b"
    integrity sha1-DQVdU/UFKqZTyfbraLtdEr9cK1s=
  
  ms@2.0.0:
    version "2.0.0"
    resolved "https://registry.npm.taobao.org/ms/download/ms-2.0.0.tgz#5608aeadfc00be6c2901df5f9861788de0d597c8"
    integrity sha1-VgiurfwAvmwpAd9fmGF4jeDVl8g=
  
  normalize-scroll-left@^0.2.0:
    version "0.2.0"
    resolved "https://registry.npm.taobao.org/normalize-scroll-left/download/normalize-scroll-left-0.2.0.tgz#9445d74275f303cc661e113329aefa492f58114c"
    integrity sha1-lEXXQnXzA8xmHhEzKa76SS9YEUw=
  
  number-is-nan@^1.0.0:
    version "1.0.1"
    resolved "https://registry.npm.taobao.org/number-is-nan/download/number-is-nan-1.0.1.tgz#097b602b53422a522c1afb8790318336941a011d"
    integrity sha1-CXtgK1NCKlIsGvuHkDGDNpQaAR0=
  
  object-assign@^4.1.1:
    version "4.1.1"
    resolved "https://registry.npm.taobao.org/object-assign/download/object-assign-4.1.1.tgz?cache=0&other_urls=https%3A%2F%2Fregistry.npm.taobao.org%2Fobject-assign%2Fdownload%2Fobject-assign-4.1.1.tgz#2109adc7965887cfc05cbbd442cac8bfbb360863"
    integrity sha1-IQmtx5ZYh8/AXLvUQsrIv7s2CGM=
  
  os-homedir@^1.0.0:
    version "1.0.2"
    resolved "https://registry.npm.taobao.org/os-homedir/download/os-homedir-1.0.2.tgz#ffbc4988336e0e833de0c168c7ef152121aa7fb3"
    integrity sha1-/7xJiDNuDoM94MFox+8VISGqf7M=
  
  os-tmpdir@^1.0.1:
    version "1.0.2"
    resolved "https://registry.npm.taobao.org/os-tmpdir/download/os-tmpdir-1.0.2.tgz#bbe67406c79aa85c5cfec766fe5734555dfa1274"
    integrity sha1-u+Z0BseaqFxc/sdm/lc0VV36EnQ=
  
  parse-unit@^1.0.1:
    version "1.0.1"
    resolved "https://registry.npm.taobao.org/parse-unit/download/parse-unit-1.0.1.tgz#7e1bb6d5bef3874c28e392526a2541170291eecf"
    integrity sha1-fhu21b7zh0wo45JSaiVBFwKR7s8=
  
  path-is-absolute@^1.0.1:
    version "1.0.1"
    resolved "https://registry.npm.taobao.org/path-is-absolute/download/path-is-absolute-1.0.1.tgz#174b9268735534ffbc7ace6bf53a5a9e1b5c5f5f"
    integrity sha1-F0uSaHNVNP+8es5r9TpanhtcX18=
  
  popper.js@^1.14.1:
    version "1.15.0"
    resolved "https://registry.npm.taobao.org/popper.js/download/popper.js-1.15.0.tgz#5560b99bbad7647e9faa475c6b8056621f5a4ff2"
    integrity sha1-VWC5m7rXZH6fqkdca4BWYh9aT/I=
  
  private@^0.1.6, private@^0.1.8:
    version "0.1.8"
    resolved "https://registry.npm.taobao.org/private/download/private-0.1.8.tgz#2381edb3689f7a53d653190060fcf822d2f368ff"
    integrity sha1-I4Hts2ifelPWUxkAYPz4ItLzaP8=
  
  prop-types@^15.6.0, prop-types@^15.6.2, prop-types@^15.7.2:
    version "15.7.2"
    resolved "https://registry.npm.taobao.org/prop-types/download/prop-types-15.7.2.tgz#52c41e75b8c87e72b9d9360e0206b99dcbffa6c5"
    integrity sha1-UsQedbjIfnK52TYOAga5ncv/psU=
    dependencies:
      loose-envify "^1.4.0"
      object-assign "^4.1.1"
      react-is "^16.8.1"
  
  react-dom@^16.8.6:
    version "16.8.6"
    resolved "https://registry.npm.taobao.org/react-dom/download/react-dom-16.8.6.tgz#71d6303f631e8b0097f56165ef608f051ff6e10f"
    integrity sha1-cdYwP2MeiwCX9WFl72CPBR/24Q8=
    dependencies:
      loose-envify "^1.1.0"
      object-assign "^4.1.1"
      prop-types "^15.6.2"
      scheduler "^0.13.6"
  
  react-event-listener@^0.6.6:
    version "0.6.6"
    resolved "https://registry.npm.taobao.org/react-event-listener/download/react-event-listener-0.6.6.tgz#758f7b991cad9086dd39fd29fad72127e1d8962a"
    integrity sha1-dY97mRytkIbdOf0p+tchJ+HYlio=
    dependencies:
      "@babel/runtime" "^7.2.0"
      prop-types "^15.6.0"
      warning "^4.0.1"
  
  react-is@^16.7.0, react-is@^16.8.0, react-is@^16.8.1:
    version "16.8.6"
    resolved "https://registry.npm.taobao.org/react-is/download/react-is-16.8.6.tgz?cache=0&other_urls=https%3A%2F%2Fregistry.npm.taobao.org%2Freact-is%2Fdownload%2Freact-is-16.8.6.tgz#5bbc1e2d29141c9fbdfed456343fe2bc430a6a16"
    integrity sha1-W7weLSkUHJ+9/tRWND/ivEMKahY=
  
  react-transition-group@^4.0.0:
    version "4.1.0"
    resolved "https://registry.npm.taobao.org/react-transition-group/download/react-transition-group-4.1.0.tgz#7b50c0a93a6c127336187252c3c1a70eff3304ce"
    integrity sha1-e1DAqTpsEnM2GHJSw8GnDv8zBM4=
    dependencies:
      dom-helpers "^3.4.0"
      loose-envify "^1.4.0"
      prop-types "^15.6.2"
  
  react@^16.8.6:
    version "16.8.6"
    resolved "https://registry.npm.taobao.org/react/download/react-16.8.6.tgz#ad6c3a9614fd3a4e9ef51117f54d888da01f2bbe"
    integrity sha1-rWw6lhT9Ok6e9REX9U2IjaAfK74=
    dependencies:
      loose-envify "^1.1.0"
      object-assign "^4.1.1"
      prop-types "^15.6.2"
      scheduler "^0.13.6"
  
  redis-commands@^1.2.0:
    version "1.5.0"
    resolved "https://registry.yarnpkg.com/redis-commands/-/redis-commands-1.5.0.tgz#80d2e20698fe688f227127ff9e5164a7dd17e785"
    integrity sha512-6KxamqpZ468MeQC3bkWmCB1fp56XL64D4Kf0zJSwDZbVLLm7KFkoIcHrgRvQ+sk8dnhySs7+yBg94yIkAK7aJg==
  
  redis-parser@^2.6.0:
    version "2.6.0"
    resolved "https://registry.yarnpkg.com/redis-parser/-/redis-parser-2.6.0.tgz#52ed09dacac108f1a631c07e9b69941e7a19504b"
    integrity sha1-Uu0J2srBCPGmMcB+m2mUHnoZUEs=
  
  redis-url@~0.2.0:
    version "0.2.0"
    resolved "https://registry.yarnpkg.com/redis-url/-/redis-url-0.2.0.tgz#1b7a2daccc3ea8264b1fb656c0d901d9ca9c5470"
    integrity sha1-G3otrMw+qCZLH7ZWwNkB2cqcVHA=
    dependencies:
      redis ">= 0.0.1"
  
  "redis@>= 0.0.1":
    version "2.8.0"
    resolved "https://registry.yarnpkg.com/redis/-/redis-2.8.0.tgz#202288e3f58c49f6079d97af7a10e1303ae14b02"
    integrity sha512-M1OkonEQwtRmZv4tEWF2VgpG0JWJ8Fv1PhlgT5+B+uNq2cA3Rt1Yt/ryoR+vQNOQcIEgdCdfH0jr3bDpihAw1A==
    dependencies:
      double-ended-queue "^2.1.0-0"
      redis-commands "^1.2.0"
      redis-parser "^2.6.0"
  
  regenerate@^1.2.1:
    version "1.4.0"
    resolved "https://registry.npm.taobao.org/regenerate/download/regenerate-1.4.0.tgz#4a856ec4b56e4077c557589cae85e7a4c8869a11"
    integrity sha1-SoVuxLVuQHfFV1icroXnpMiGmhE=
  
  regenerator-runtime@^0.11.0:
    version "0.11.1"
    resolved "https://registry.npm.taobao.org/regenerator-runtime/download/regenerator-runtime-0.11.1.tgz#be05ad7f9bf7d22e056f9726cee5017fbf19e2e9"
    integrity sha1-vgWtf5v30i4Fb5cmzuUBf78Z4uk=
  
  regenerator-runtime@^0.13.2:
    version "0.13.2"
    resolved "https://registry.npm.taobao.org/regenerator-runtime/download/regenerator-runtime-0.13.2.tgz#32e59c9a6fb9b1a4aff09b4930ca2d4477343447"
    integrity sha1-MuWcmm+5saSv8JtJMMotRHc0NEc=
  
  regenerator-transform@^0.10.0:
    version "0.10.1"
    resolved "https://registry.npm.taobao.org/regenerator-transform/download/regenerator-transform-0.10.1.tgz#1e4996837231da8b7f3cf4114d71b5691a0680dd"
    integrity sha1-HkmWg3Ix2ot/PPQRTXG1aRoGgN0=
    dependencies:
      babel-runtime "^6.18.0"
      babel-types "^6.19.0"
      private "^0.1.6"
  
  regexpu-core@^2.0.0:
    version "2.0.0"
    resolved "https://registry.npm.taobao.org/regexpu-core/download/regexpu-core-2.0.0.tgz#49d038837b8dcf8bfa5b9a42139938e6ea2ae240"
    integrity sha1-SdA4g3uNz4v6W5pCE5k45uoq4kA=
    dependencies:
      regenerate "^1.2.1"
      regjsgen "^0.2.0"
      regjsparser "^0.1.4"
  
  regjsgen@^0.2.0:
    version "0.2.0"
    resolved "https://registry.npm.taobao.org/regjsgen/download/regjsgen-0.2.0.tgz#6c016adeac554f75823fe37ac05b92d5a4edb1f7"
    integrity sha1-bAFq3qxVT3WCP+N6wFuS1aTtsfc=
  
  regjsparser@^0.1.4:
    version "0.1.5"
    resolved "https://registry.npm.taobao.org/regjsparser/download/regjsparser-0.1.5.tgz#7ee8f84dc6fa792d3fd0ae228d24bd949ead205c"
    integrity sha1-fuj4Tcb6eS0/0K4ijSS9lJ6tIFw=
    dependencies:
      jsesc "~0.5.0"
  
  repeating@^2.0.0:
    version "2.0.1"
    resolved "https://registry.npm.taobao.org/repeating/download/repeating-2.0.1.tgz#5214c53a926d3552707527fbab415dbc08d06dda"
    integrity sha1-UhTFOpJtNVJwdSf7q0FdvAjQbdo=
    dependencies:
      is-finite "^1.0.0"
  
  safe-buffer@~5.1.1:
    version "5.1.2"
    resolved "https://registry.npm.taobao.org/safe-buffer/download/safe-buffer-5.1.2.tgz#991ec69d296e0313747d59bdfd2b745c35f8828d"
    integrity sha1-mR7GnSluAxN0fVm9/St0XDX4go0=
  
  scheduler@^0.13.6:
    version "0.13.6"
    resolved "https://registry.npm.taobao.org/scheduler/download/scheduler-0.13.6.tgz#466a4ec332467b31a91b9bf74e5347072e4cd889"
    integrity sha1-RmpOwzJGezGpG5v3TlNHBy5M2Ik=
    dependencies:
      loose-envify "^1.1.0"
      object-assign "^4.1.1"
  
  semver@^5.3.0:
    version "5.7.0"
    resolved "https://registry.npm.taobao.org/semver/download/semver-5.7.0.tgz?cache=0&other_urls=https%3A%2F%2Fregistry.npm.taobao.org%2Fsemver%2Fdownload%2Fsemver-5.7.0.tgz#790a7cf6fea5459bac96110b29b60412dc8ff96b"
    integrity sha1-eQp89v6lRZuslhELKbYEEtyP+Ws=
  
  slash@^1.0.0:
    version "1.0.0"
    resolved "https://registry.npm.taobao.org/slash/download/slash-1.0.0.tgz#c41f2f6c39fc16d1cd17ad4b5d896114ae470d55"
    integrity sha1-xB8vbDn8FtHNF61LXYlhFK5HDVU=
  
  source-map-support@^0.4.15:
    version "0.4.18"
    resolved "https://registry.npm.taobao.org/source-map-support/download/source-map-support-0.4.18.tgz#0286a6de8be42641338594e97ccea75f0a2c585f"
    integrity sha1-Aoam3ovkJkEzhZTpfM6nXwosWF8=
    dependencies:
      source-map "^0.5.6"
  
  source-map@^0.5.6, source-map@^0.5.7:
    version "0.5.7"
    resolved "https://registry.npm.taobao.org/source-map/download/source-map-0.5.7.tgz#8a039d2d1021d22d1ea14c80d8ea468ba2ef3fcc"
    integrity sha1-igOdLRAh0i0eoUyA2OpGi6LvP8w=
  
  src@^1.1.2:
    version "1.1.2"
    resolved "https://registry.yarnpkg.com/src/-/src-1.1.2.tgz#78abdd1c08caca26cc6cf45bd580b56d93acfb7f"
    integrity sha1-eKvdHAjKyibMbPRb1YC1bZOs+38=
    dependencies:
      redis-url "~0.2.0"
      underscore "~1.6.0"
      uuid "~1.4.1"
  
  strip-ansi@^3.0.0:
    version "3.0.1"
    resolved "https://registry.npm.taobao.org/strip-ansi/download/strip-ansi-3.0.1.tgz#6a385fb8853d952d5ff05d0e8aaf94278dc63dcf"
    integrity sha1-ajhfuIU9lS1f8F0Oiq+UJ43GPc8=
    dependencies:
      ansi-regex "^2.0.0"
  
  supports-color@^2.0.0:
    version "2.0.0"
    resolved "https://registry.npm.taobao.org/supports-color/download/supports-color-2.0.0.tgz#535d045ce6b6363fa40117084629995e9df324c7"
    integrity sha1-U10EXOa2Nj+kARcIRimZXp3zJMc=
  
  tiny-warning@^1.0.2:
    version "1.0.2"
    resolved "https://registry.npm.taobao.org/tiny-warning/download/tiny-warning-1.0.2.tgz#1dfae771ee1a04396bdfde27a3adcebc6b648b28"
    integrity sha1-Hfrnce4aBDlr394no63OvGtkiyg=
  
  to-fast-properties@^1.0.3:
    version "1.0.3"
    resolved "https://registry.npm.taobao.org/to-fast-properties/download/to-fast-properties-1.0.3.tgz#b83571fa4d8c25b82e231b06e3a3055de4ca1a47"
    integrity sha1-uDVx+k2MJbguIxsG46MFXeTKGkc=
  
  trim-right@^1.0.1:
    version "1.0.1"
    resolved "https://registry.npm.taobao.org/trim-right/download/trim-right-1.0.1.tgz#cb2e1203067e0c8de1f614094b9fe45704ea6003"
    integrity sha1-yy4SAwZ+DI3h9hQJS5/kVwTqYAM=
  
  typescript@^3.5.1:
    version "3.5.1"
    resolved "https://registry.npm.taobao.org/typescript/download/typescript-3.5.1.tgz#ba72a6a600b2158139c5dd8850f700e231464202"
    integrity sha1-unKmpgCyFYE5xd2IUPcA4jFGQgI=
  
  underscore@~1.6.0:
    version "1.6.0"
    resolved "https://registry.yarnpkg.com/underscore/-/underscore-1.6.0.tgz#8b38b10cacdef63337b8b24e4ff86d45aea529a8"
    integrity sha1-izixDKze9jM3uLJOT/htRa6lKag=
  
  uuid@~1.4.1:
    version "1.4.2"
    resolved "https://registry.yarnpkg.com/uuid/-/uuid-1.4.2.tgz#453019f686966a6df83cdc5244e7c990ecc332fc"
    integrity sha1-RTAZ9oaWam34PNxSROfJkOzDMvw=
  
  warning@^4.0.1:
    version "4.0.3"
    resolved "https://registry.npm.taobao.org/warning/download/warning-4.0.3.tgz#16e9e077eb8a86d6af7d64aa1e05fd85b4678ca3"
    integrity sha1-Fungd+uKhtavfWSqHgX9hbRnjKM=
    dependencies:
      loose-envify "^1.0.0"
